[06-Aug-2018 12:01:30 UTC] PHP Warning:  require(includes/config.php): failed to open stream: No such file or directory in /home/rodosbil/public_html/demo/work-1/index.php on line 1
[06-Aug-2018 12:01:30 UTC] PHP Fatal error:  require(): Failed opening required 'includes/config.php' (include_path='.:/opt/cpanel/ea-php71/root/usr/share/pear') in /home/rodosbil/public_html/demo/work-1/index.php on line 1
[06-Aug-2018 12:01:34 UTC] PHP Warning:  require(includes/config.php): failed to open stream: No such file or directory in /home/rodosbil/public_html/demo/work-1/index.php on line 1
[06-Aug-2018 12:01:34 UTC] PHP Fatal error:  require(): Failed opening required 'includes/config.php' (include_path='.:/opt/cpanel/ea-php71/root/usr/share/pear') in /home/rodosbil/public_html/demo/work-1/index.php on line 1
[06-Aug-2018 12:01:35 UTC] PHP Warning:  require(includes/config.php): failed to open stream: No such file or directory in /home/rodosbil/public_html/demo/work-1/index.php on line 1
[06-Aug-2018 12:01:35 UTC] PHP Fatal error:  require(): Failed opening required 'includes/config.php' (include_path='.:/opt/cpanel/ea-php71/root/usr/share/pear') in /home/rodosbil/public_html/demo/work-1/index.php on line 1
[06-Aug-2018 12:03:08 UTC] PHP Warning:  require(includes/config.php): failed to open stream: No such file or directory in /home/rodosbil/public_html/demo/work-1/index.php on line 1
[06-Aug-2018 12:03:08 UTC] PHP Fatal error:  require(): Failed opening required 'includes/config.php' (include_path='.:/opt/cpanel/ea-php71/root/usr/share/pear') in /home/rodosbil/public_html/demo/work-1/index.php on line 1
[06-Aug-2018 12:03:10 UTC] PHP Warning:  require(includes/config.php): failed to open stream: No such file or directory in /home/rodosbil/public_html/demo/work-1/index.php on line 1
[06-Aug-2018 12:03:10 UTC] PHP Fatal error:  require(): Failed opening required 'includes/config.php' (include_path='.:/opt/cpanel/ea-php71/root/usr/share/pear') in /home/rodosbil/public_html/demo/work-1/index.php on line 1
[06-Aug-2018 12:04:39 UTC] PHP Warning:  require(includes/config.php): failed to open stream: No such file or directory in /home/rodosbil/public_html/demo/work-1/index.php on line 1
[06-Aug-2018 12:04:39 UTC] PHP Fatal error:  require(): Failed opening required 'includes/config.php' (include_path='.:/opt/cpanel/ea-php71/root/usr/share/pear') in /home/rodosbil/public_html/demo/work-1/index.php on line 1
[06-Aug-2018 12:04:40 UTC] PHP Warning:  require(includes/config.php): failed to open stream: No such file or directory in /home/rodosbil/public_html/demo/work-1/index.php on line 1
[06-Aug-2018 12:04:40 UTC] PHP Fatal error:  require(): Failed opening required 'includes/config.php' (include_path='.:/opt/cpanel/ea-php71/root/usr/share/pear') in /home/rodosbil/public_html/demo/work-1/index.php on line 1
[06-Aug-2018 12:05:59 UTC] PHP Warning:  require(includes/config.php): failed to open stream: No such file or directory in /home/rodosbil/public_html/demo/work-1/index.php on line 1
[06-Aug-2018 12:05:59 UTC] PHP Fatal error:  require(): Failed opening required 'includes/config.php' (include_path='.:/opt/cpanel/ea-php71/root/usr/share/pear') in /home/rodosbil/public_html/demo/work-1/index.php on line 1
[06-Aug-2018 12:31:33 UTC] PHP Fatal error:  Uncaught Error: Call to a member function query() on null in /home/rodosbil/public_html/demo/work-1/includes/settings.php:8
Stack trace:
#0 /home/rodosbil/public_html/demo/work-1/includes/config.php(18): require()
#1 /home/rodosbil/public_html/demo/work-1/index.php(1): require('/home/rodosbil/...')
#2 {main}
  thrown in /home/rodosbil/public_html/demo/work-1/includes/settings.php on line 8
[06-Aug-2018 12:35:10 UTC] PHP Fatal error:  Uncaught Error: Call to a member function query() on null in /home/rodosbil/public_html/demo/work-1/includes/settings.php:8
Stack trace:
#0 /home/rodosbil/public_html/demo/work-1/includes/config.php(19): require()
#1 /home/rodosbil/public_html/demo/work-1/index.php(1): require('/home/rodosbil/...')
#2 {main}
  thrown in /home/rodosbil/public_html/demo/work-1/includes/settings.php on line 8
[06-Aug-2018 12:35:20 UTC] PHP Fatal error:  Uncaught Error: Call to a member function query() on null in /home/rodosbil/public_html/demo/work-1/includes/settings.php:8
Stack trace:
#0 /home/rodosbil/public_html/demo/work-1/includes/config.php(18): require()
#1 /home/rodosbil/public_html/demo/work-1/index.php(1): require('/home/rodosbil/...')
#2 {main}
  thrown in /home/rodosbil/public_html/demo/work-1/includes/settings.php on line 8
[06-Aug-2018 12:35:21 UTC] PHP Fatal error:  Uncaught Error: Call to a member function query() on null in /home/rodosbil/public_html/demo/work-1/includes/settings.php:8
Stack trace:
#0 /home/rodosbil/public_html/demo/work-1/includes/config.php(18): require()
#1 /home/rodosbil/public_html/demo/work-1/index.php(1): require('/home/rodosbil/...')
#2 {main}
  thrown in /home/rodosbil/public_html/demo/work-1/includes/settings.php on line 8
[06-Aug-2018 14:10:08 UTC] PHP Parse error:  syntax error, unexpected '$query' (T_VARIABLE) in /home/rodosbil/public_html/demo/work-1/includes/settings.php on line 18
[06-Aug-2018 14:10:10 UTC] PHP Parse error:  syntax error, unexpected '$query' (T_VARIABLE) in /home/rodosbil/public_html/demo/work-1/includes/settings.php on line 18
[06-Aug-2018 14:10:13 UTC] PHP Parse error:  syntax error, unexpected '$query' (T_VARIABLE) in /home/rodosbil/public_html/demo/work-1/includes/settings.php on line 18
[06-Aug-2018 14:22:29 UTC] PHP Parse error:  syntax error, unexpected 'case' (T_CASE) in /home/rodosbil/public_html/demo/work-1/includes/settings.php on line 22
[06-Aug-2018 14:22:29 UTC] PHP Parse error:  syntax error, unexpected 'case' (T_CASE) in /home/rodosbil/public_html/demo/work-1/includes/settings.php on line 22
[06-Aug-2018 14:22:49 UTC] PHP Parse error:  syntax error, unexpected 'case' (T_CASE) in /home/rodosbil/public_html/demo/work-1/includes/settings.php on line 22
[06-Aug-2018 14:23:24 UTC] PHP Parse error:  syntax error, unexpected 'case' (T_CASE) in /home/rodosbil/public_html/demo/work-1/includes/settings.php on line 22
[06-Aug-2018 14:23:25 UTC] PHP Parse error:  syntax error, unexpected 'case' (T_CASE) in /home/rodosbil/public_html/demo/work-1/includes/settings.php on line 22
[06-Aug-2018 14:23:32 UTC] PHP Parse error:  syntax error, unexpected 'case' (T_CASE) in /home/rodosbil/public_html/demo/work-1/includes/settings.php on line 23
[06-Aug-2018 14:23:33 UTC] PHP Parse error:  syntax error, unexpected 'case' (T_CASE) in /home/rodosbil/public_html/demo/work-1/includes/settings.php on line 23
[06-Aug-2018 14:23:33 UTC] PHP Parse error:  syntax error, unexpected 'case' (T_CASE) in /home/rodosbil/public_html/demo/work-1/includes/settings.php on line 23
[06-Aug-2018 14:23:41 UTC] PHP Parse error:  syntax error, unexpected 'case' (T_CASE) in /home/rodosbil/public_html/demo/work-1/includes/settings.php on line 23
[07-Aug-2018 12:23:27 UTC] PHP Fatal error:  Uncaught Error: Call to a member function rowCount() on boolean in /home/rodosbil/public_html/demo/work-1/categories_.php:27
Stack trace:
#0 {main}
  thrown in /home/rodosbil/public_html/demo/work-1/categories_.php on line 27
[07-Aug-2018 12:23:28 UTC] PHP Fatal error:  Uncaught Error: Call to a member function rowCount() on boolean in /home/rodosbil/public_html/demo/work-1/categories_.php:27
Stack trace:
#0 {main}
  thrown in /home/rodosbil/public_html/demo/work-1/categories_.php on line 27
[07-Aug-2018 12:23:30 UTC] PHP Fatal error:  Uncaught Error: Call to a member function rowCount() on boolean in /home/rodosbil/public_html/demo/work-1/categories_.php:27
Stack trace:
#0 {main}
  thrown in /home/rodosbil/public_html/demo/work-1/categories_.php on line 27
[07-Aug-2018 12:23:32 UTC] PHP Fatal error:  Uncaught Error: Call to a member function rowCount() on boolean in /home/rodosbil/public_html/demo/work-1/categories_.php:27
Stack trace:
#0 {main}
  thrown in /home/rodosbil/public_html/demo/work-1/categories_.php on line 27
[07-Aug-2018 12:23:33 UTC] PHP Fatal error:  Uncaught Error: Call to a member function rowCount() on boolean in /home/rodosbil/public_html/demo/work-1/categories_.php:27
Stack trace:
#0 {main}
  thrown in /home/rodosbil/public_html/demo/work-1/categories_.php on line 27
[07-Aug-2018 12:23:34 UTC] PHP Fatal error:  Uncaught Error: Call to a member function rowCount() on boolean in /home/rodosbil/public_html/demo/work-1/categories_.php:27
Stack trace:
#0 {main}
  thrown in /home/rodosbil/public_html/demo/work-1/categories_.php on line 27
[09-Aug-2018 12:39:42 UTC] PHP Fatal error:  Uncaught Error: Call to a member function rowCount() on boolean in /home/rodosbil/public_html/demo/work-1/categories_.php:23
Stack trace:
#0 {main}
  thrown in /home/rodosbil/public_html/demo/work-1/categories_.php on line 23
[09-Aug-2018 12:39:45 UTC] PHP Fatal error:  Uncaught Error: Call to a member function rowCount() on boolean in /home/rodosbil/public_html/demo/work-1/categories_.php:23
Stack trace:
#0 {main}
  thrown in /home/rodosbil/public_html/demo/work-1/categories_.php on line 23
[09-Aug-2018 12:39:58 UTC] PHP Fatal error:  Uncaught Error: Call to a member function rowCount() on boolean in /home/rodosbil/public_html/demo/work-1/categories_.php:23
Stack trace:
#0 {main}
  thrown in /home/rodosbil/public_html/demo/work-1/categories_.php on line 23
[09-Aug-2018 14:33:00 UTC] PHP Parse error:  syntax error, unexpected end of file in /home/rodosbil/public_html/demo/work-1/product_.php on line 424
[09-Aug-2018 14:33:01 UTC] PHP Parse error:  syntax error, unexpected end of file in /home/rodosbil/public_html/demo/work-1/product_.php on line 424
[09-Aug-2018 14:33:01 UTC] PHP Parse error:  syntax error, unexpected end of file in /home/rodosbil/public_html/demo/work-1/product_.php on line 424
[09-Aug-2018 14:33:21 UTC] PHP Parse error:  syntax error, unexpected end of file in /home/rodosbil/public_html/demo/work-1/product_.php on line 424
[09-Aug-2018 14:33:22 UTC] PHP Parse error:  syntax error, unexpected end of file in /home/rodosbil/public_html/demo/work-1/product_.php on line 424
[09-Aug-2018 14:33:22 UTC] PHP Parse error:  syntax error, unexpected end of file in /home/rodosbil/public_html/demo/work-1/product_.php on line 424
[09-Aug-2018 14:33:32 UTC] PHP Parse error:  syntax error, unexpected end of file in /home/rodosbil/public_html/demo/work-1/product_.php on line 423
[09-Aug-2018 14:33:33 UTC] PHP Parse error:  syntax error, unexpected end of file in /home/rodosbil/public_html/demo/work-1/product_.php on line 423
[09-Aug-2018 14:38:06 UTC] PHP Parse error:  syntax error, unexpected ''' (T_ENCAPSED_AND_WHITESPACE) in /home/rodosbil/public_html/demo/work-1/product_.php on line 116
[10-Aug-2018 07:01:36 UTC] PHP Parse error:  syntax error, unexpected ''includes/footer.php'' (T_CONSTANT_ENCAPSED_STRING) in /home/rodosbil/public_html/demo/work-1/product_.php on line 261
[10-Aug-2018 07:01:37 UTC] PHP Parse error:  syntax error, unexpected ''includes/footer.php'' (T_CONSTANT_ENCAPSED_STRING) in /home/rodosbil/public_html/demo/work-1/product_.php on line 261
[10-Aug-2018 07:01:37 UTC] PHP Parse error:  syntax error, unexpected ''includes/footer.php'' (T_CONSTANT_ENCAPSED_STRING) in /home/rodosbil/public_html/demo/work-1/product_.php on line 261
[10-Aug-2018 07:01:38 UTC] PHP Parse error:  syntax error, unexpected ''includes/footer.php'' (T_CONSTANT_ENCAPSED_STRING) in /home/rodosbil/public_html/demo/work-1/product_.php on line 261
[10-Aug-2018 07:01:42 UTC] PHP Parse error:  syntax error, unexpected ''includes/footer.php'' (T_CONSTANT_ENCAPSED_STRING) in /home/rodosbil/public_html/demo/work-1/product_.php on line 261
[10-Aug-2018 08:03:07 UTC] PHP Warning:  A non-numeric value encountered in /home/rodosbil/public_html/demo/work-1/includes/filters.php on line 134
[10-Aug-2018 08:03:07 UTC] PHP Warning:  A non-numeric value encountered in /home/rodosbil/public_html/demo/work-1/includes/filters.php on line 134
[10-Aug-2018 08:03:07 UTC] PHP Warning:  A non-numeric value encountered in /home/rodosbil/public_html/demo/work-1/includes/filters.php on line 134
[10-Aug-2018 08:03:07 UTC] PHP Warning:  A non-numeric value encountered in /home/rodosbil/public_html/demo/work-1/includes/filters.php on line 134
[10-Aug-2018 08:03:07 UTC] PHP Warning:  A non-numeric value encountered in /home/rodosbil/public_html/demo/work-1/includes/filters.php on line 134
[10-Aug-2018 08:30:05 UTC] PHP Fatal error:  Uncaught Error: Call to a member function rowCount() on boolean in /home/rodosbil/public_html/demo/work-1/product_.php:188
Stack trace:
#0 {main}
  thrown in /home/rodosbil/public_html/demo/work-1/product_.php on line 188
[10-Aug-2018 08:30:06 UTC] PHP Fatal error:  Uncaught Error: Call to a member function rowCount() on boolean in /home/rodosbil/public_html/demo/work-1/product_.php:188
Stack trace:
#0 {main}
  thrown in /home/rodosbil/public_html/demo/work-1/product_.php on line 188
[10-Aug-2018 08:30:07 UTC] PHP Fatal error:  Uncaught Error: Call to a member function rowCount() on boolean in /home/rodosbil/public_html/demo/work-1/product_.php:188
Stack trace:
#0 {main}
  thrown in /home/rodosbil/public_html/demo/work-1/product_.php on line 188
[10-Aug-2018 08:32:00 UTC] PHP Fatal error:  Uncaught Error: Call to a member function rowCount() on boolean in /home/rodosbil/public_html/demo/work-1/product_.php:188
Stack trace:
#0 {main}
  thrown in /home/rodosbil/public_html/demo/work-1/product_.php on line 188
[10-Aug-2018 08:32:15 UTC] PHP Fatal error:  Uncaught Error: Call to a member function rowCount() on boolean in /home/rodosbil/public_html/demo/work-1/product_.php:188
Stack trace:
#0 {main}
  thrown in /home/rodosbil/public_html/demo/work-1/product_.php on line 188
[10-Aug-2018 08:32:46 UTC] PHP Fatal error:  Uncaught Error: Call to a member function rowCount() on boolean in /home/rodosbil/public_html/demo/work-1/product_.php:188
Stack trace:
#0 {main}
  thrown in /home/rodosbil/public_html/demo/work-1/product_.php on line 188
[10-Aug-2018 08:32:46 UTC] PHP Fatal error:  Uncaught Error: Call to a member function rowCount() on boolean in /home/rodosbil/public_html/demo/work-1/product_.php:188
Stack trace:
#0 {main}
  thrown in /home/rodosbil/public_html/demo/work-1/product_.php on line 188
[10-Aug-2018 08:32:47 UTC] PHP Fatal error:  Uncaught Error: Call to a member function rowCount() on boolean in /home/rodosbil/public_html/demo/work-1/product_.php:188
Stack trace:
#0 {main}
  thrown in /home/rodosbil/public_html/demo/work-1/product_.php on line 188
[10-Aug-2018 08:58:54 UTC] PHP Fatal error:  Uncaught Error: Call to a member function rowCount() on boolean in /home/rodosbil/public_html/demo/work-1/product_.php:188
Stack trace:
#0 {main}
  thrown in /home/rodosbil/public_html/demo/work-1/product_.php on line 188
[10-Aug-2018 08:58:56 UTC] PHP Fatal error:  Uncaught Error: Call to a member function rowCount() on boolean in /home/rodosbil/public_html/demo/work-1/product_.php:188
Stack trace:
#0 {main}
  thrown in /home/rodosbil/public_html/demo/work-1/product_.php on line 188
[10-Aug-2018 09:00:33 UTC] PHP Fatal error:  Uncaught Error: Call to a member function rowCount() on boolean in /home/rodosbil/public_html/demo/work-1/product_.php:188
Stack trace:
#0 {main}
  thrown in /home/rodosbil/public_html/demo/work-1/product_.php on line 188
[10-Aug-2018 09:01:39 UTC] PHP Fatal error:  Uncaught Error: Call to a member function rowCount() on boolean in /home/rodosbil/public_html/demo/work-1/product_.php:53
Stack trace:
#0 {main}
  thrown in /home/rodosbil/public_html/demo/work-1/product_.php on line 53
[10-Aug-2018 09:01:58 UTC] PHP Fatal error:  Uncaught Error: Call to a member function rowCount() on boolean in /home/rodosbil/public_html/demo/work-1/product_.php:53
Stack trace:
#0 {main}
  thrown in /home/rodosbil/public_html/demo/work-1/product_.php on line 53
[10-Aug-2018 09:01:59 UTC] PHP Fatal error:  Uncaught Error: Call to a member function rowCount() on boolean in /home/rodosbil/public_html/demo/work-1/product_.php:53
Stack trace:
#0 {main}
  thrown in /home/rodosbil/public_html/demo/work-1/product_.php on line 53
[10-Aug-2018 09:04:05 UTC] PHP Fatal error:  Uncaught Error: Call to a member function rowCount() on boolean in /home/rodosbil/public_html/demo/work-1/product_.php:53
Stack trace:
#0 {main}
  thrown in /home/rodosbil/public_html/demo/work-1/product_.php on line 53
[10-Aug-2018 09:31:31 UTC] PHP Parse error:  syntax error, unexpected '}' in /home/rodosbil/public_html/demo/work-1/includes/filters.php on line 138
[10-Aug-2018 09:31:31 UTC] PHP Parse error:  syntax error, unexpected '}' in /home/rodosbil/public_html/demo/work-1/includes/filters.php on line 138
[10-Aug-2018 09:31:32 UTC] PHP Parse error:  syntax error, unexpected '}' in /home/rodosbil/public_html/demo/work-1/includes/filters.php on line 138
[10-Aug-2018 09:33:02 UTC] PHP Fatal error:  Uncaught Error: Call to a member function rowCount() on boolean in /home/rodosbil/public_html/demo/work-1/product_.php:53
Stack trace:
#0 {main}
  thrown in /home/rodosbil/public_html/demo/work-1/product_.php on line 53
[10-Aug-2018 09:33:03 UTC] PHP Fatal error:  Uncaught Error: Call to a member function rowCount() on boolean in /home/rodosbil/public_html/demo/work-1/product_.php:53
Stack trace:
#0 {main}
  thrown in /home/rodosbil/public_html/demo/work-1/product_.php on line 53
[10-Aug-2018 09:33:03 UTC] PHP Fatal error:  Uncaught Error: Call to a member function rowCount() on boolean in /home/rodosbil/public_html/demo/work-1/product_.php:53
Stack trace:
#0 {main}
  thrown in /home/rodosbil/public_html/demo/work-1/product_.php on line 53
[10-Aug-2018 10:42:15 UTC] PHP Fatal error:  Uncaught Error: Call to a member function rowCount() on boolean in /home/rodosbil/public_html/demo/work-1/product_.php:53
Stack trace:
#0 {main}
  thrown in /home/rodosbil/public_html/demo/work-1/product_.php on line 53
[10-Aug-2018 10:42:58 UTC] PHP Fatal error:  Uncaught Error: Call to a member function rowCount() on boolean in /home/rodosbil/public_html/demo/work-1/product_.php:189
Stack trace:
#0 {main}
  thrown in /home/rodosbil/public_html/demo/work-1/product_.php on line 189
[10-Aug-2018 10:42:58 UTC] PHP Fatal error:  Uncaught Error: Call to a member function rowCount() on boolean in /home/rodosbil/public_html/demo/work-1/product_.php:189
Stack trace:
#0 {main}
  thrown in /home/rodosbil/public_html/demo/work-1/product_.php on line 189
[10-Aug-2018 10:43:41 UTC] PHP Fatal error:  Uncaught Error: Call to a member function rowCount() on boolean in /home/rodosbil/public_html/demo/work-1/product_.php:189
Stack trace:
#0 {main}
  thrown in /home/rodosbil/public_html/demo/work-1/product_.php on line 189
[10-Aug-2018 10:45:14 UTC] PHP Fatal error:  Uncaught Error: Call to a member function rowCount() on boolean in /home/rodosbil/public_html/demo/work-1/product_.php:189
Stack trace:
#0 {main}
  thrown in /home/rodosbil/public_html/demo/work-1/product_.php on line 189
[10-Aug-2018 10:45:48 UTC] PHP Fatal error:  Uncaught Error: Call to a member function rowCount() on boolean in /home/rodosbil/public_html/demo/work-1/product_.php:189
Stack trace:
#0 {main}
  thrown in /home/rodosbil/public_html/demo/work-1/product_.php on line 189
[10-Aug-2018 10:45:50 UTC] PHP Fatal error:  Uncaught Error: Call to a member function rowCount() on boolean in /home/rodosbil/public_html/demo/work-1/product_.php:189
Stack trace:
#0 {main}
  thrown in /home/rodosbil/public_html/demo/work-1/product_.php on line 189
[10-Aug-2018 10:47:13 UTC] PHP Fatal error:  Uncaught Error: Call to a member function rowCount() on boolean in /home/rodosbil/public_html/demo/work-1/product_.php:189
Stack trace:
#0 {main}
  thrown in /home/rodosbil/public_html/demo/work-1/product_.php on line 189
[10-Aug-2018 10:47:13 UTC] PHP Fatal error:  Uncaught Error: Call to a member function rowCount() on boolean in /home/rodosbil/public_html/demo/work-1/product_.php:189
Stack trace:
#0 {main}
  thrown in /home/rodosbil/public_html/demo/work-1/product_.php on line 189
[10-Aug-2018 10:47:15 UTC] PHP Fatal error:  Uncaught Error: Call to a member function rowCount() on boolean in /home/rodosbil/public_html/demo/work-1/product_.php:189
Stack trace:
#0 {main}
  thrown in /home/rodosbil/public_html/demo/work-1/product_.php on line 189
[10-Aug-2018 10:47:23 UTC] PHP Fatal error:  Uncaught Error: Call to a member function rowCount() on boolean in /home/rodosbil/public_html/demo/work-1/product_.php:189
Stack trace:
#0 {main}
  thrown in /home/rodosbil/public_html/demo/work-1/product_.php on line 189
[10-Aug-2018 12:59:30 UTC] PHP Fatal error:  Uncaught Error: Call to a member function fetch() on boolean in /home/rodosbil/public_html/demo/work-1/includes/product.php:9
Stack trace:
#0 /home/rodosbil/public_html/demo/work-1/product-detail.php(2): require()
#1 {main}
  thrown in /home/rodosbil/public_html/demo/work-1/includes/product.php on line 9
[10-Aug-2018 12:59:32 UTC] PHP Fatal error:  Uncaught Error: Call to a member function fetch() on boolean in /home/rodosbil/public_html/demo/work-1/includes/product.php:9
Stack trace:
#0 /home/rodosbil/public_html/demo/work-1/product-detail.php(2): require()
#1 {main}
  thrown in /home/rodosbil/public_html/demo/work-1/includes/product.php on line 9
[10-Aug-2018 12:59:47 UTC] PHP Fatal error:  Uncaught Error: Call to a member function fetch() on boolean in /home/rodosbil/public_html/demo/work-1/includes/product.php:9
Stack trace:
#0 /home/rodosbil/public_html/demo/work-1/product-detail.php(2): require()
#1 {main}
  thrown in /home/rodosbil/public_html/demo/work-1/includes/product.php on line 9
[11-Aug-2018 07:11:17 UTC] PHP Parse error:  syntax error, unexpected 'echo' (T_ECHO) in /home/rodosbil/public_html/demo/work-1/product.php on line 201
[11-Aug-2018 07:12:05 UTC] PHP Parse error:  syntax error, unexpected 'product' (T_STRING), expecting ',' or ';' in /home/rodosbil/public_html/demo/work-1/product.php on line 195
[11-Aug-2018 07:12:05 UTC] PHP Parse error:  syntax error, unexpected 'product' (T_STRING), expecting ',' or ';' in /home/rodosbil/public_html/demo/work-1/product.php on line 195
[13-Aug-2018 07:33:40 UTC] PHP Parse error:  syntax error, unexpected ''" id="product-bg">' (T_ENCAPSED_AND_WHITESPACE) in /home/rodosbil/public_html/demo/work-1/product.php on line 212
[13-Aug-2018 07:34:55 UTC] PHP Parse error:  syntax error, unexpected ''produ' (T_ENCAPSED_AND_WHITESPACE), expecting ']' in /home/rodosbil/public_html/demo/work-1/product.php on line 244
[13-Aug-2018 09:12:32 UTC] PHP Fatal error:  Uncaught Error: Call to undefined function GetIP() in /home/rodosbil/public_html/demo/work-1/product.php:400
Stack trace:
#0 {main}
  thrown in /home/rodosbil/public_html/demo/work-1/product.php on line 400
[13-Aug-2018 09:12:32 UTC] PHP Fatal error:  Uncaught Error: Call to undefined function GetIP() in /home/rodosbil/public_html/demo/work-1/product.php:400
Stack trace:
#0 {main}
  thrown in /home/rodosbil/public_html/demo/work-1/product.php on line 400
[13-Aug-2018 09:12:44 UTC] PHP Fatal error:  Uncaught Error: Call to undefined function GetIP() in /home/rodosbil/public_html/demo/work-1/product.php:400
Stack trace:
#0 {main}
  thrown in /home/rodosbil/public_html/demo/work-1/product.php on line 400
[13-Aug-2018 09:15:54 UTC] PHP Fatal error:  Uncaught Error: Call to a member function prepare() on null in /home/rodosbil/public_html/demo/work-1/includes/settings.php:75
Stack trace:
#0 /home/rodosbil/public_html/demo/work-1/product.php(400): GetIP()
#1 {main}
  thrown in /home/rodosbil/public_html/demo/work-1/includes/settings.php on line 75
[13-Aug-2018 09:15:57 UTC] PHP Fatal error:  Uncaught Error: Call to a member function prepare() on null in /home/rodosbil/public_html/demo/work-1/includes/settings.php:75
Stack trace:
#0 /home/rodosbil/public_html/demo/work-1/product.php(400): GetIP()
#1 {main}
  thrown in /home/rodosbil/public_html/demo/work-1/includes/settings.php on line 75
[13-Aug-2018 10:16:52 UTC] PHP Parse error:  syntax error, unexpected ''" id="product-bg">' (T_ENCAPSED_AND_WHITESPACE) in /home/rodosbil/public_html/demo/work-1/product.php on line 212
[13-Aug-2018 12:52:57 UTC] PHP Fatal error:  Uncaught Error: Call to a member function rowCount() on boolean in /home/rodosbil/public_html/demo/work-1/includes/bar.php:121
Stack trace:
#0 /home/rodosbil/public_html/demo/work-1/product.php(16): require()
#1 {main}
  thrown in /home/rodosbil/public_html/demo/work-1/includes/bar.php on line 121
[13-Aug-2018 12:52:59 UTC] PHP Fatal error:  Uncaught Error: Call to a member function rowCount() on boolean in /home/rodosbil/public_html/demo/work-1/includes/bar.php:121
Stack trace:
#0 /home/rodosbil/public_html/demo/work-1/product.php(16): require()
#1 {main}
  thrown in /home/rodosbil/public_html/demo/work-1/includes/bar.php on line 121
[13-Aug-2018 12:53:02 UTC] PHP Fatal error:  Uncaught Error: Call to a member function rowCount() on boolean in /home/rodosbil/public_html/demo/work-1/includes/bar.php:121
Stack trace:
#0 /home/rodosbil/public_html/demo/work-1/product.php(16): require()
#1 {main}
  thrown in /home/rodosbil/public_html/demo/work-1/includes/bar.php on line 121
[13-Aug-2018 13:05:25 UTC] PHP Warning:  PDO::query() expects parameter 1 to be string, object given in /home/rodosbil/public_html/demo/work-1/product.php on line 188
[13-Aug-2018 13:05:25 UTC] PHP Fatal error:  Uncaught Error: Call to a member function rowCount() on boolean in /home/rodosbil/public_html/demo/work-1/product.php:189
Stack trace:
#0 {main}
  thrown in /home/rodosbil/public_html/demo/work-1/product.php on line 189
[13-Aug-2018 13:05:26 UTC] PHP Warning:  PDO::query() expects parameter 1 to be string, object given in /home/rodosbil/public_html/demo/work-1/product.php on line 188
[13-Aug-2018 13:05:26 UTC] PHP Fatal error:  Uncaught Error: Call to a member function rowCount() on boolean in /home/rodosbil/public_html/demo/work-1/product.php:189
Stack trace:
#0 {main}
  thrown in /home/rodosbil/public_html/demo/work-1/product.php on line 189
[13-Aug-2018 13:05:27 UTC] PHP Warning:  PDO::query() expects parameter 1 to be string, object given in /home/rodosbil/public_html/demo/work-1/product.php on line 188
[13-Aug-2018 13:05:27 UTC] PHP Fatal error:  Uncaught Error: Call to a member function rowCount() on boolean in /home/rodosbil/public_html/demo/work-1/product.php:189
Stack trace:
#0 {main}
  thrown in /home/rodosbil/public_html/demo/work-1/product.php on line 189
[13-Aug-2018 13:05:59 UTC] PHP Warning:  PDO::query() expects parameter 1 to be string, object given in /home/rodosbil/public_html/demo/work-1/product.php on line 188
[13-Aug-2018 13:05:59 UTC] PHP Fatal error:  Uncaught Error: Call to a member function rowCount() on boolean in /home/rodosbil/public_html/demo/work-1/product.php:189
Stack trace:
#0 {main}
  thrown in /home/rodosbil/public_html/demo/work-1/product.php on line 189
[13-Aug-2018 13:05:59 UTC] PHP Warning:  PDO::query() expects parameter 1 to be string, object given in /home/rodosbil/public_html/demo/work-1/product.php on line 188
[13-Aug-2018 13:05:59 UTC] PHP Fatal error:  Uncaught Error: Call to a member function rowCount() on boolean in /home/rodosbil/public_html/demo/work-1/product.php:189
Stack trace:
#0 {main}
  thrown in /home/rodosbil/public_html/demo/work-1/product.php on line 189
[13-Aug-2018 13:06:00 UTC] PHP Warning:  PDO::query() expects parameter 1 to be string, object given in /home/rodosbil/public_html/demo/work-1/product.php on line 188
[13-Aug-2018 13:06:00 UTC] PHP Fatal error:  Uncaught Error: Call to a member function rowCount() on boolean in /home/rodosbil/public_html/demo/work-1/product.php:189
Stack trace:
#0 {main}
  thrown in /home/rodosbil/public_html/demo/work-1/product.php on line 189
[13-Aug-2018 13:06:02 UTC] PHP Warning:  PDO::query() expects parameter 1 to be string, object given in /home/rodosbil/public_html/demo/work-1/product.php on line 188
[13-Aug-2018 13:06:02 UTC] PHP Fatal error:  Uncaught Error: Call to a member function rowCount() on boolean in /home/rodosbil/public_html/demo/work-1/product.php:189
Stack trace:
#0 {main}
  thrown in /home/rodosbil/public_html/demo/work-1/product.php on line 189
[13-Aug-2018 13:06:03 UTC] PHP Warning:  PDO::query() expects parameter 1 to be string, object given in /home/rodosbil/public_html/demo/work-1/product.php on line 188
[13-Aug-2018 13:06:03 UTC] PHP Fatal error:  Uncaught Error: Call to a member function rowCount() on boolean in /home/rodosbil/public_html/demo/work-1/product.php:189
Stack trace:
#0 {main}
  thrown in /home/rodosbil/public_html/demo/work-1/product.php on line 189
[13-Aug-2018 13:06:15 UTC] PHP Warning:  PDO::query() expects parameter 1 to be string, object given in /home/rodosbil/public_html/demo/work-1/product.php on line 188
[13-Aug-2018 13:06:15 UTC] PHP Fatal error:  Uncaught Error: Call to a member function rowCount() on boolean in /home/rodosbil/public_html/demo/work-1/product.php:189
Stack trace:
#0 {main}
  thrown in /home/rodosbil/public_html/demo/work-1/product.php on line 189
[13-Aug-2018 13:07:52 UTC] PHP Fatal error:  Uncaught Error: Call to a member function query() on null in /home/rodosbil/public_html/demo/work-1/includes/bar.php:115
Stack trace:
#0 /home/rodosbil/public_html/demo/work-1/product.php(16): require()
#1 {main}
  thrown in /home/rodosbil/public_html/demo/work-1/includes/bar.php on line 115
[13-Aug-2018 13:07:53 UTC] PHP Fatal error:  Uncaught Error: Call to a member function query() on null in /home/rodosbil/public_html/demo/work-1/includes/bar.php:115
Stack trace:
#0 /home/rodosbil/public_html/demo/work-1/product.php(16): require()
#1 {main}
  thrown in /home/rodosbil/public_html/demo/work-1/includes/bar.php on line 115
[13-Aug-2018 13:12:35 UTC] PHP Fatal error:  Uncaught Error: Call to a member function prepare() on null in /home/rodosbil/public_html/demo/work-1/includes/bar.php:116
Stack trace:
#0 /home/rodosbil/public_html/demo/work-1/product.php(16): require()
#1 {main}
  thrown in /home/rodosbil/public_html/demo/work-1/includes/bar.php on line 116
[13-Aug-2018 13:12:36 UTC] PHP Fatal error:  Uncaught Error: Call to a member function prepare() on null in /home/rodosbil/public_html/demo/work-1/includes/bar.php:116
Stack trace:
#0 /home/rodosbil/public_html/demo/work-1/product.php(16): require()
#1 {main}
  thrown in /home/rodosbil/public_html/demo/work-1/includes/bar.php on line 116
[13-Aug-2018 13:12:48 UTC] PHP Fatal error:  Uncaught Error: Call to a member function prepare() on null in /home/rodosbil/public_html/demo/work-1/includes/bar.php:116
Stack trace:
#0 /home/rodosbil/public_html/demo/work-1/product.php(16): require()
#1 {main}
  thrown in /home/rodosbil/public_html/demo/work-1/includes/bar.php on line 116
[13-Aug-2018 13:12:55 UTC] PHP Fatal error:  Uncaught Error: Call to a member function prepare() on null in /home/rodosbil/public_html/demo/work-1/includes/bar.php:116
Stack trace:
#0 /home/rodosbil/public_html/demo/work-1/product.php(16): require()
#1 {main}
  thrown in /home/rodosbil/public_html/demo/work-1/includes/bar.php on line 116
[13-Aug-2018 13:12:56 UTC] PHP Fatal error:  Uncaught Error: Call to a member function prepare() on null in /home/rodosbil/public_html/demo/work-1/includes/bar.php:116
Stack trace:
#0 /home/rodosbil/public_html/demo/work-1/product.php(16): require()
#1 {main}
  thrown in /home/rodosbil/public_html/demo/work-1/includes/bar.php on line 116
[15-Aug-2018 10:54:57 UTC] PHP Parse error:  syntax error, unexpected end of file in /home/rodosbil/public_html/demo/work-1/product-detail.php on line 600
[15-Aug-2018 11:02:59 UTC] PHP Parse error:  syntax error, unexpected end of file in /home/rodosbil/public_html/demo/work-1/product-detail.php on line 600
[15-Aug-2018 14:11:36 UTC] PHP Warning:  A non-numeric value encountered in /home/rodosbil/public_html/demo/work-1/cart.php on line 151
[15-Aug-2018 14:11:38 UTC] PHP Warning:  A non-numeric value encountered in /home/rodosbil/public_html/demo/work-1/cart.php on line 151
[15-Aug-2018 14:11:50 UTC] PHP Warning:  A non-numeric value encountered in /home/rodosbil/public_html/demo/work-1/cart.php on line 151
[15-Aug-2018 14:11:51 UTC] PHP Warning:  A non-numeric value encountered in /home/rodosbil/public_html/demo/work-1/cart.php on line 151
[15-Aug-2018 14:11:55 UTC] PHP Warning:  A non-numeric value encountered in /home/rodosbil/public_html/demo/work-1/cart.php on line 151
[15-Aug-2018 14:12:09 UTC] PHP Warning:  A non-numeric value encountered in /home/rodosbil/public_html/demo/work-1/cart.php on line 145
[15-Aug-2018 14:12:11 UTC] PHP Warning:  A non-numeric value encountered in /home/rodosbil/public_html/demo/work-1/cart.php on line 145
[15-Aug-2018 14:12:26 UTC] PHP Warning:  A non-numeric value encountered in /home/rodosbil/public_html/demo/work-1/cart.php on line 145
[15-Aug-2018 14:12:27 UTC] PHP Warning:  A non-numeric value encountered in /home/rodosbil/public_html/demo/work-1/cart.php on line 145
[15-Aug-2018 14:12:33 UTC] PHP Warning:  A non-numeric value encountered in /home/rodosbil/public_html/demo/work-1/cart.php on line 151
[15-Aug-2018 14:12:35 UTC] PHP Warning:  A non-numeric value encountered in /home/rodosbil/public_html/demo/work-1/cart.php on line 151
[15-Aug-2018 14:13:25 UTC] PHP Warning:  A non-numeric value encountered in /home/rodosbil/public_html/demo/work-1/cart.php on line 145
[15-Aug-2018 14:13:37 UTC] PHP Warning:  A non-numeric value encountered in /home/rodosbil/public_html/demo/work-1/cart.php on line 151
[15-Aug-2018 14:14:09 UTC] PHP Parse error:  syntax error, unexpected '' TL' (T_CONSTANT_ENCAPSED_STRING), expecting ',' or ';' in /home/rodosbil/public_html/demo/work-1/cart.php on line 158
[15-Aug-2018 14:14:48 UTC] PHP Parse error:  syntax error, unexpected '' TL' (T_CONSTANT_ENCAPSED_STRING), expecting ',' or ';' in /home/rodosbil/public_html/demo/work-1/cart.php on line 158
[15-Aug-2018 14:34:52 UTC] PHP Parse error:  syntax error, unexpected '.' in /home/rodosbil/public_html/demo/work-1/pay.php on line 29
[15-Aug-2018 14:34:53 UTC] PHP Parse error:  syntax error, unexpected '.' in /home/rodosbil/public_html/demo/work-1/pay.php on line 29
[15-Aug-2018 14:34:54 UTC] PHP Parse error:  syntax error, unexpected '.' in /home/rodosbil/public_html/demo/work-1/pay.php on line 29
[15-Aug-2018 14:35:11 UTC] PHP Parse error:  syntax error, unexpected '.' in /home/rodosbil/public_html/demo/work-1/pay.php on line 29
[26-Aug-2018 14:25:35 UTC] PHP Fatal error:  Uncaught Error: Cannot use object of type PDOStatement as array in /home/rodosbil/public_html/demo/work-1/categories.php:25
Stack trace:
#0 {main}
  thrown in /home/rodosbil/public_html/demo/work-1/categories.php on line 25
[26-Aug-2018 14:25:36 UTC] PHP Fatal error:  Uncaught Error: Cannot use object of type PDOStatement as array in /home/rodosbil/public_html/demo/work-1/categories.php:25
Stack trace:
#0 {main}
  thrown in /home/rodosbil/public_html/demo/work-1/categories.php on line 25
[26-Aug-2018 14:25:37 UTC] PHP Fatal error:  Uncaught Error: Cannot use object of type PDOStatement as array in /home/rodosbil/public_html/demo/work-1/categories.php:25
Stack trace:
#0 {main}
  thrown in /home/rodosbil/public_html/demo/work-1/categories.php on line 25
[26-Aug-2018 14:26:18 UTC] PHP Fatal error:  Uncaught Error: Cannot use object of type PDOStatement as array in /home/rodosbil/public_html/demo/work-1/categories.php:25
Stack trace:
#0 {main}
  thrown in /home/rodosbil/public_html/demo/work-1/categories.php on line 25
[26-Aug-2018 14:26:19 UTC] PHP Fatal error:  Uncaught Error: Cannot use object of type PDOStatement as array in /home/rodosbil/public_html/demo/work-1/categories.php:25
Stack trace:
#0 {main}
  thrown in /home/rodosbil/public_html/demo/work-1/categories.php on line 25
[27-Aug-2018 09:06:00 UTC] PHP Parse error:  syntax error, unexpected end of file in /home/rodosbil/public_html/demo/work-1/index.php on line 345
[27-Aug-2018 09:06:01 UTC] PHP Parse error:  syntax error, unexpected end of file in /home/rodosbil/public_html/demo/work-1/index.php on line 345
[27-Aug-2018 09:06:01 UTC] PHP Parse error:  syntax error, unexpected end of file in /home/rodosbil/public_html/demo/work-1/index.php on line 345
[27-Aug-2018 09:06:19 UTC] PHP Parse error:  syntax error, unexpected end of file in /home/rodosbil/public_html/demo/work-1/index.php on line 345
[27-Aug-2018 09:06:20 UTC] PHP Parse error:  syntax error, unexpected end of file in /home/rodosbil/public_html/demo/work-1/index.php on line 345
[27-Aug-2018 09:13:07 UTC] PHP Fatal error:  Uncaught PDOException: SQLSTATE[HY000]: General error: 1364 Field 'user_country' doesn't have a default value in /home/rodosbil/public_html/demo/work-1/login.php:131
Stack trace:
#0 /home/rodosbil/public_html/demo/work-1/login.php(131): PDOStatement->execute(Array)
#1 {main}
  thrown in /home/rodosbil/public_html/demo/work-1/login.php on line 131
[27-Aug-2018 09:13:48 UTC] PHP Fatal error:  Uncaught PDOException: SQLSTATE[HY000]: General error: 1364 Field 'user_country' doesn't have a default value in /home/rodosbil/public_html/demo/work-1/login.php:131
Stack trace:
#0 /home/rodosbil/public_html/demo/work-1/login.php(131): PDOStatement->execute(Array)
#1 {main}
  thrown in /home/rodosbil/public_html/demo/work-1/login.php on line 131
[27-Aug-2018 10:50:46 UTC] PHP Fatal error:  Uncaught PDOException: SQLSTATE[HY000]: General error: 1364 Field 'user_country' doesn't have a default value in /home/rodosbil/public_html/demo/work-1/login.php:131
Stack trace:
#0 /home/rodosbil/public_html/demo/work-1/login.php(131): PDOStatement->execute(Array)
#1 {main}
  thrown in /home/rodosbil/public_html/demo/work-1/login.php on line 131
[27-Aug-2018 10:54:37 UTC] PHP Parse error:  syntax error, unexpected '"text_boyut"' (T_CONSTANT_ENCAPSED_STRING), expecting ')' in /home/rodosbil/public_html/demo/work-1/vendor/lang/tr.php on line 125
[27-Aug-2018 10:54:37 UTC] PHP Parse error:  syntax error, unexpected '"text_boyut"' (T_CONSTANT_ENCAPSED_STRING), expecting ')' in /home/rodosbil/public_html/demo/work-1/vendor/lang/tr.php on line 125
[27-Aug-2018 10:54:39 UTC] PHP Parse error:  syntax error, unexpected '"text_boyut"' (T_CONSTANT_ENCAPSED_STRING), expecting ')' in /home/rodosbil/public_html/demo/work-1/vendor/lang/tr.php on line 125
[27-Aug-2018 11:01:53 UTC] PHP Parse error:  syntax error, unexpected '"text_boyut"' (T_CONSTANT_ENCAPSED_STRING), expecting ')' in /home/rodosbil/public_html/demo/work-1/vendor/lang/en.php on line 124
[27-Aug-2018 11:01:54 UTC] PHP Parse error:  syntax error, unexpected '"text_boyut"' (T_CONSTANT_ENCAPSED_STRING), expecting ')' in /home/rodosbil/public_html/demo/work-1/vendor/lang/en.php on line 124
[27-Aug-2018 11:01:55 UTC] PHP Parse error:  syntax error, unexpected '"text_boyut"' (T_CONSTANT_ENCAPSED_STRING), expecting ')' in /home/rodosbil/public_html/demo/work-1/vendor/lang/en.php on line 124
[27-Aug-2018 13:40:39 UTC] PHP Fatal error:  Uncaught PDOException: SQLSTATE[HY000]: General error: 1364 Field 'user_country' doesn't have a default value in /home/rodosbil/public_html/demo/work-1/login.php:133
Stack trace:
#0 /home/rodosbil/public_html/demo/work-1/login.php(133): PDOStatement->execute(Array)
#1 {main}
  thrown in /home/rodosbil/public_html/demo/work-1/login.php on line 133
[27-Aug-2018 14:52:40 UTC] PHP Fatal error:  Uncaught PDOException: SQLSTATE[42S02]: Base table or view not found: 1146 Table 'rodosbil_demo.uyeler' doesn't exist in /home/rodosbil/public_html/demo/work-1/includes/product.php:46
Stack trace:
#0 /home/rodosbil/public_html/demo/work-1/includes/product.php(46): PDO->query('SELECT * FROM u...', 2)
#1 /home/rodosbil/public_html/demo/work-1/product-detail.php(2): require('/home/rodosbil/...')
#2 {main}
  thrown in /home/rodosbil/public_html/demo/work-1/includes/product.php on line 46
[27-Aug-2018 14:52:41 UTC] PHP Fatal error:  Uncaught PDOException: SQLSTATE[42S02]: Base table or view not found: 1146 Table 'rodosbil_demo.uyeler' doesn't exist in /home/rodosbil/public_html/demo/work-1/includes/product.php:46
Stack trace:
#0 /home/rodosbil/public_html/demo/work-1/includes/product.php(46): PDO->query('SELECT * FROM u...', 2)
#1 /home/rodosbil/public_html/demo/work-1/product-detail.php(2): require('/home/rodosbil/...')
#2 {main}
  thrown in /home/rodosbil/public_html/demo/work-1/includes/product.php on line 46
[27-Aug-2018 14:52:42 UTC] PHP Fatal error:  Uncaught PDOException: SQLSTATE[42S02]: Base table or view not found: 1146 Table 'rodosbil_demo.uyeler' doesn't exist in /home/rodosbil/public_html/demo/work-1/includes/product.php:46
Stack trace:
#0 /home/rodosbil/public_html/demo/work-1/includes/product.php(46): PDO->query('SELECT * FROM u...', 2)
#1 /home/rodosbil/public_html/demo/work-1/product-detail.php(2): require('/home/rodosbil/...')
#2 {main}
  thrown in /home/rodosbil/public_html/demo/work-1/includes/product.php on line 46
[27-Aug-2018 14:52:53 UTC] PHP Fatal error:  Uncaught PDOException: SQLSTATE[42S02]: Base table or view not found: 1146 Table 'rodosbil_demo.uyeler' doesn't exist in /home/rodosbil/public_html/demo/work-1/includes/product.php:46
Stack trace:
#0 /home/rodosbil/public_html/demo/work-1/includes/product.php(46): PDO->query('SELECT * FROM u...', 2)
#1 /home/rodosbil/public_html/demo/work-1/product-detail.php(2): require('/home/rodosbil/...')
#2 {main}
  thrown in /home/rodosbil/public_html/demo/work-1/includes/product.php on line 46
[27-Aug-2018 14:52:53 UTC] PHP Fatal error:  Uncaught PDOException: SQLSTATE[42S02]: Base table or view not found: 1146 Table 'rodosbil_demo.uyeler' doesn't exist in /home/rodosbil/public_html/demo/work-1/includes/product.php:46
Stack trace:
#0 /home/rodosbil/public_html/demo/work-1/includes/product.php(46): PDO->query('SELECT * FROM u...', 2)
#1 /home/rodosbil/public_html/demo/work-1/product-detail.php(2): require('/home/rodosbil/...')
#2 {main}
  thrown in /home/rodosbil/public_html/demo/work-1/includes/product.php on line 46
[27-Aug-2018 14:52:54 UTC] PHP Fatal error:  Uncaught PDOException: SQLSTATE[42S02]: Base table or view not found: 1146 Table 'rodosbil_demo.uyeler' doesn't exist in /home/rodosbil/public_html/demo/work-1/includes/product.php:46
Stack trace:
#0 /home/rodosbil/public_html/demo/work-1/includes/product.php(46): PDO->query('SELECT * FROM u...', 2)
#1 /home/rodosbil/public_html/demo/work-1/product-detail.php(2): require('/home/rodosbil/...')
#2 {main}
  thrown in /home/rodosbil/public_html/demo/work-1/includes/product.php on line 46
[27-Aug-2018 14:53:06 UTC] PHP Fatal error:  Uncaught PDOException: SQLSTATE[42S02]: Base table or view not found: 1146 Table 'rodosbil_demo.uyeler' doesn't exist in /home/rodosbil/public_html/demo/work-1/includes/product.php:46
Stack trace:
#0 /home/rodosbil/public_html/demo/work-1/includes/product.php(46): PDO->query('SELECT * FROM u...', 2)
#1 /home/rodosbil/public_html/demo/work-1/product-detail.php(2): require('/home/rodosbil/...')
#2 {main}
  thrown in /home/rodosbil/public_html/demo/work-1/includes/product.php on line 46
[27-Aug-2018 14:53:07 UTC] PHP Fatal error:  Uncaught PDOException: SQLSTATE[42S02]: Base table or view not found: 1146 Table 'rodosbil_demo.uyeler' doesn't exist in /home/rodosbil/public_html/demo/work-1/includes/product.php:46
Stack trace:
#0 /home/rodosbil/public_html/demo/work-1/includes/product.php(46): PDO->query('SELECT * FROM u...', 2)
#1 /home/rodosbil/public_html/demo/work-1/product-detail.php(2): require('/home/rodosbil/...')
#2 {main}
  thrown in /home/rodosbil/public_html/demo/work-1/includes/product.php on line 46
[27-Aug-2018 14:53:07 UTC] PHP Fatal error:  Uncaught PDOException: SQLSTATE[42S02]: Base table or view not found: 1146 Table 'rodosbil_demo.uyeler' doesn't exist in /home/rodosbil/public_html/demo/work-1/includes/product.php:46
Stack trace:
#0 /home/rodosbil/public_html/demo/work-1/includes/product.php(46): PDO->query('SELECT * FROM u...', 2)
#1 /home/rodosbil/public_html/demo/work-1/product-detail.php(2): require('/home/rodosbil/...')
#2 {main}
  thrown in /home/rodosbil/public_html/demo/work-1/includes/product.php on line 46
[27-Aug-2018 14:53:17 UTC] PHP Fatal error:  Uncaught PDOException: SQLSTATE[42S02]: Base table or view not found: 1146 Table 'rodosbil_demo.uyeler' doesn't exist in /home/rodosbil/public_html/demo/work-1/includes/product.php:46
Stack trace:
#0 /home/rodosbil/public_html/demo/work-1/includes/product.php(46): PDO->query('SELECT * FROM u...', 2)
#1 /home/rodosbil/public_html/demo/work-1/product-detail.php(2): require('/home/rodosbil/...')
#2 {main}
  thrown in /home/rodosbil/public_html/demo/work-1/includes/product.php on line 46
[27-Aug-2018 14:53:17 UTC] PHP Parse error:  syntax error, unexpected '}', expecting ',' or ';' in /home/rodosbil/public_html/demo/work-1/includes/product.php on line 50
[27-Aug-2018 14:53:27 UTC] PHP Fatal error:  Uncaught PDOException: SQLSTATE[42S02]: Base table or view not found: 1146 Table 'rodosbil_demo.uyeler' doesn't exist in /home/rodosbil/public_html/demo/work-1/includes/product.php:46
Stack trace:
#0 /home/rodosbil/public_html/demo/work-1/includes/product.php(46): PDO->query('SELECT * FROM u...', 2)
#1 /home/rodosbil/public_html/demo/work-1/product-detail.php(2): require('/home/rodosbil/...')
#2 {main}
  thrown in /home/rodosbil/public_html/demo/work-1/includes/product.php on line 46
[27-Aug-2018 14:53:27 UTC] PHP Fatal error:  Uncaught PDOException: SQLSTATE[42S02]: Base table or view not found: 1146 Table 'rodosbil_demo.uyeler' doesn't exist in /home/rodosbil/public_html/demo/work-1/includes/product.php:46
Stack trace:
#0 /home/rodosbil/public_html/demo/work-1/includes/product.php(46): PDO->query('SELECT * FROM u...', 2)
#1 /home/rodosbil/public_html/demo/work-1/product-detail.php(2): require('/home/rodosbil/...')
#2 {main}
  thrown in /home/rodosbil/public_html/demo/work-1/includes/product.php on line 46
[27-Aug-2018 14:53:28 UTC] PHP Fatal error:  Uncaught PDOException: SQLSTATE[42S02]: Base table or view not found: 1146 Table 'rodosbil_demo.uyeler' doesn't exist in /home/rodosbil/public_html/demo/work-1/includes/product.php:46
Stack trace:
#0 /home/rodosbil/public_html/demo/work-1/includes/product.php(46): PDO->query('SELECT * FROM u...', 2)
#1 /home/rodosbil/public_html/demo/work-1/product-detail.php(2): require('/home/rodosbil/...')
#2 {main}
  thrown in /home/rodosbil/public_html/demo/work-1/includes/product.php on line 46
[27-Aug-2018 14:53:28 UTC] PHP Fatal error:  Uncaught PDOException: SQLSTATE[42S02]: Base table or view not found: 1146 Table 'rodosbil_demo.uyeler' doesn't exist in /home/rodosbil/public_html/demo/work-1/includes/product.php:46
Stack trace:
#0 /home/rodosbil/public_html/demo/work-1/includes/product.php(46): PDO->query('SELECT * FROM u...', 2)
#1 /home/rodosbil/public_html/demo/work-1/product-detail.php(2): require('/home/rodosbil/...')
#2 {main}
  thrown in /home/rodosbil/public_html/demo/work-1/includes/product.php on line 46
[27-Aug-2018 14:53:34 UTC] PHP Fatal error:  Uncaught PDOException: SQLSTATE[42S02]: Base table or view not found: 1146 Table 'rodosbil_demo.uyeler' doesn't exist in /home/rodosbil/public_html/demo/work-1/includes/product.php:46
Stack trace:
#0 /home/rodosbil/public_html/demo/work-1/includes/product.php(46): PDO->query('SELECT * FROM u...', 2)
#1 /home/rodosbil/public_html/demo/work-1/product-detail.php(2): require('/home/rodosbil/...')
#2 {main}
  thrown in /home/rodosbil/public_html/demo/work-1/includes/product.php on line 46
[28-Aug-2018 14:46:04 UTC] PHP Parse error:  syntax error, unexpected '$degisken' (T_VARIABLE) in /home/rodosbil/public_html/demo/work-1/chart.php on line 88
[28-Aug-2018 14:46:04 UTC] PHP Parse error:  syntax error, unexpected '$degisken' (T_VARIABLE) in /home/rodosbil/public_html/demo/work-1/chart.php on line 88
[28-Aug-2018 14:46:11 UTC] PHP Parse error:  syntax error, unexpected '$degisken' (T_VARIABLE) in /home/rodosbil/public_html/demo/work-1/chart.php on line 88
[28-Aug-2018 14:46:12 UTC] PHP Parse error:  syntax error, unexpected '$degisken' (T_VARIABLE) in /home/rodosbil/public_html/demo/work-1/chart.php on line 88
[28-Aug-2018 14:46:12 UTC] PHP Parse error:  syntax error, unexpected '$degisken' (T_VARIABLE) in /home/rodosbil/public_html/demo/work-1/chart.php on line 88
[28-Aug-2018 14:47:01 UTC] PHP Warning:  substr() expects parameter 2 to be integer, string given in /home/rodosbil/public_html/demo/work-1/chart.php on line 93
[28-Aug-2018 14:47:02 UTC] PHP Warning:  substr() expects parameter 2 to be integer, string given in /home/rodosbil/public_html/demo/work-1/chart.php on line 93
[28-Aug-2018 14:47:02 UTC] PHP Warning:  substr() expects parameter 2 to be integer, string given in /home/rodosbil/public_html/demo/work-1/chart.php on line 93
[28-Aug-2018 14:47:09 UTC] PHP Warning:  substr() expects parameter 2 to be integer, string given in /home/rodosbil/public_html/demo/work-1/chart.php on line 93
[28-Aug-2018 14:47:13 UTC] PHP Warning:  substr() expects parameter 2 to be integer, string given in /home/rodosbil/public_html/demo/work-1/chart.php on line 93
[29-Aug-2018 15:46:17 UTC] PHP Parse error:  syntax error, unexpected end of file in /home/rodosbil/public_html/demo/work-1/product-detail.php on line 345
[30-Aug-2018 12:31:57 UTC] PHP Parse error:  syntax error, unexpected '' LIMIT 10", PDO::FETCH_ASSOC)' (T_CONSTANT_ENCAPSED_STRING), expecting ',' or ';' in /home/rodosbil/public_html/demo/work-1/product-detail.php on line 278
[30-Aug-2018 12:31:58 UTC] PHP Parse error:  syntax error, unexpected '' LIMIT 10", PDO::FETCH_ASSOC)' (T_CONSTANT_ENCAPSED_STRING), expecting ',' or ';' in /home/rodosbil/public_html/demo/work-1/product-detail.php on line 278
[30-Aug-2018 12:57:24 UTC] PHP Fatal error:  Uncaught Error: Call to undefined function mysql_query() in /home/rodosbil/public_html/demo/work-1/chart.php:98
Stack trace:
#0 {main}
  thrown in /home/rodosbil/public_html/demo/work-1/chart.php on line 98
[30-Aug-2018 12:57:25 UTC] PHP Fatal error:  Uncaught Error: Call to undefined function mysql_query() in /home/rodosbil/public_html/demo/work-1/chart.php:98
Stack trace:
#0 {main}
  thrown in /home/rodosbil/public_html/demo/work-1/chart.php on line 98
[30-Aug-2018 13:51:23 UTC] PHP Parse error:  syntax error, unexpected '' TL' (T_ENCAPSED_AND_WHITESPACE) in /home/rodosbil/public_html/demo/work-1/product-detail.php on line 339
[30-Aug-2018 14:06:12 UTC] PHP Parse error:  syntax error, unexpected '}' in /home/rodosbil/public_html/demo/work-1/includes/product.php on line 48
[30-Aug-2018 14:06:13 UTC] PHP Parse error:  syntax error, unexpected '}' in /home/rodosbil/public_html/demo/work-1/includes/product.php on line 48
[30-Aug-2018 14:06:14 UTC] PHP Parse error:  syntax error, unexpected '}' in /home/rodosbil/public_html/demo/work-1/includes/product.php on line 48
[30-Aug-2018 14:06:53 UTC] PHP Parse error:  syntax error, unexpected '}' in /home/rodosbil/public_html/demo/work-1/includes/product.php on line 48
[30-Aug-2018 14:07:24 UTC] PHP Warning:  number_format() expects parameter 1 to be float, object given in /home/rodosbil/public_html/demo/work-1/includes/config.php on line 16
[30-Aug-2018 14:07:24 UTC] PHP Warning:  number_format() expects parameter 1 to be float, object given in /home/rodosbil/public_html/demo/work-1/includes/config.php on line 16
[30-Aug-2018 14:07:24 UTC] PHP Warning:  number_format() expects parameter 1 to be float, object given in /home/rodosbil/public_html/demo/work-1/includes/config.php on line 16
[30-Aug-2018 14:07:24 UTC] PHP Warning:  number_format() expects parameter 1 to be float, object given in /home/rodosbil/public_html/demo/work-1/includes/config.php on line 16
[30-Aug-2018 14:07:24 UTC] PHP Warning:  number_format() expects parameter 1 to be float, object given in /home/rodosbil/public_html/demo/work-1/includes/config.php on line 16
[30-Aug-2018 14:07:24 UTC] PHP Warning:  number_format() expects parameter 1 to be float, object given in /home/rodosbil/public_html/demo/work-1/includes/config.php on line 16
[30-Aug-2018 14:07:24 UTC] PHP Warning:  number_format() expects parameter 1 to be float, object given in /home/rodosbil/public_html/demo/work-1/includes/config.php on line 16
[30-Aug-2018 14:07:24 UTC] PHP Warning:  number_format() expects parameter 1 to be float, object given in /home/rodosbil/public_html/demo/work-1/includes/config.php on line 16
[30-Aug-2018 14:07:24 UTC] PHP Warning:  number_format() expects parameter 1 to be float, object given in /home/rodosbil/public_html/demo/work-1/includes/config.php on line 16
[30-Aug-2018 14:07:24 UTC] PHP Warning:  number_format() expects parameter 1 to be float, object given in /home/rodosbil/public_html/demo/work-1/includes/config.php on line 16
[30-Aug-2018 14:07:24 UTC] PHP Warning:  number_format() expects parameter 1 to be float, object given in /home/rodosbil/public_html/demo/work-1/includes/config.php on line 16
[30-Aug-2018 14:07:36 UTC] PHP Fatal error:  Uncaught Error: Cannot use object of type PDOStatement as array in /home/rodosbil/public_html/demo/work-1/includes/product.php:47
Stack trace:
#0 /home/rodosbil/public_html/demo/work-1/product-detail.php(2): require()
#1 {main}
  thrown in /home/rodosbil/public_html/demo/work-1/includes/product.php on line 47
[30-Aug-2018 14:07:37 UTC] PHP Fatal error:  Uncaught Error: Cannot use object of type PDOStatement as array in /home/rodosbil/public_html/demo/work-1/includes/product.php:47
Stack trace:
#0 /home/rodosbil/public_html/demo/work-1/product-detail.php(2): require()
#1 {main}
  thrown in /home/rodosbil/public_html/demo/work-1/includes/product.php on line 47
[30-Aug-2018 14:07:37 UTC] PHP Fatal error:  Uncaught Error: Cannot use object of type PDOStatement as array in /home/rodosbil/public_html/demo/work-1/includes/product.php:47
Stack trace:
#0 /home/rodosbil/public_html/demo/work-1/product-detail.php(2): require()
#1 {main}
  thrown in /home/rodosbil/public_html/demo/work-1/includes/product.php on line 47
[30-Aug-2018 14:07:38 UTC] PHP Fatal error:  Uncaught Error: Cannot use object of type PDOStatement as array in /home/rodosbil/public_html/demo/work-1/includes/product.php:47
Stack trace:
#0 /home/rodosbil/public_html/demo/work-1/product-detail.php(2): require()
#1 {main}
  thrown in /home/rodosbil/public_html/demo/work-1/includes/product.php on line 47
[30-Aug-2018 14:07:48 UTC] PHP Parse error:  syntax error, unexpected '' (T_ENCAPSED_AND_WHITESPACE), expecting '-' or identifier (T_STRING) or variable (T_VARIABLE) or number (T_NUM_STRING) in /home/rodosbil/public_html/demo/work-1/includes/product.php on line 47
[30-Aug-2018 14:07:49 UTC] PHP Parse error:  syntax error, unexpected '' (T_ENCAPSED_AND_WHITESPACE), expecting '-' or identifier (T_STRING) or variable (T_VARIABLE) or number (T_NUM_STRING) in /home/rodosbil/public_html/demo/work-1/includes/product.php on line 47
[30-Aug-2018 14:07:50 UTC] PHP Parse error:  syntax error, unexpected '' (T_ENCAPSED_AND_WHITESPACE), expecting '-' or identifier (T_STRING) or variable (T_VARIABLE) or number (T_NUM_STRING) in /home/rodosbil/public_html/demo/work-1/includes/product.php on line 47
[30-Aug-2018 14:07:51 UTC] PHP Parse error:  syntax error, unexpected '' (T_ENCAPSED_AND_WHITESPACE), expecting '-' or identifier (T_STRING) or variable (T_VARIABLE) or number (T_NUM_STRING) in /home/rodosbil/public_html/demo/work-1/includes/product.php on line 47
[30-Aug-2018 14:07:52 UTC] PHP Parse error:  syntax error, unexpected '' (T_ENCAPSED_AND_WHITESPACE), expecting '-' or identifier (T_STRING) or variable (T_VARIABLE) or number (T_NUM_STRING) in /home/rodosbil/public_html/demo/work-1/includes/product.php on line 47
[30-Aug-2018 14:07:52 UTC] PHP Parse error:  syntax error, unexpected '' (T_ENCAPSED_AND_WHITESPACE), expecting '-' or identifier (T_STRING) or variable (T_VARIABLE) or number (T_NUM_STRING) in /home/rodosbil/public_html/demo/work-1/includes/product.php on line 47
[30-Aug-2018 14:07:57 UTC] PHP Parse error:  syntax error, unexpected '' (T_ENCAPSED_AND_WHITESPACE), expecting '-' or identifier (T_STRING) or variable (T_VARIABLE) or number (T_NUM_STRING) in /home/rodosbil/public_html/demo/work-1/includes/product.php on line 47
[30-Aug-2018 14:07:58 UTC] PHP Warning:  number_format() expects parameter 1 to be float, string given in /home/rodosbil/public_html/demo/work-1/includes/config.php on line 16
[30-Aug-2018 14:07:58 UTC] PHP Warning:  number_format() expects parameter 1 to be float, string given in /home/rodosbil/public_html/demo/work-1/includes/config.php on line 16
[30-Aug-2018 14:07:58 UTC] PHP Warning:  number_format() expects parameter 1 to be float, string given in /home/rodosbil/public_html/demo/work-1/includes/config.php on line 16
[30-Aug-2018 14:07:58 UTC] PHP Warning:  number_format() expects parameter 1 to be float, string given in /home/rodosbil/public_html/demo/work-1/includes/config.php on line 16
[30-Aug-2018 14:07:58 UTC] PHP Warning:  number_format() expects parameter 1 to be float, string given in /home/rodosbil/public_html/demo/work-1/includes/config.php on line 16
[30-Aug-2018 14:07:58 UTC] PHP Warning:  number_format() expects parameter 1 to be float, string given in /home/rodosbil/public_html/demo/work-1/includes/config.php on line 16
[30-Aug-2018 14:07:58 UTC] PHP Warning:  number_format() expects parameter 1 to be float, string given in /home/rodosbil/public_html/demo/work-1/includes/config.php on line 16
[30-Aug-2018 14:07:58 UTC] PHP Warning:  number_format() expects parameter 1 to be float, string given in /home/rodosbil/public_html/demo/work-1/includes/config.php on line 16
[30-Aug-2018 14:07:58 UTC] PHP Warning:  number_format() expects parameter 1 to be float, string given in /home/rodosbil/public_html/demo/work-1/includes/config.php on line 16
[30-Aug-2018 14:07:58 UTC] PHP Warning:  number_format() expects parameter 1 to be float, string given in /home/rodosbil/public_html/demo/work-1/includes/config.php on line 16
[30-Aug-2018 14:07:58 UTC] PHP Warning:  number_format() expects parameter 1 to be float, string given in /home/rodosbil/public_html/demo/work-1/includes/config.php on line 16
[30-Aug-2018 14:07:58 UTC] PHP Warning:  number_format() expects parameter 1 to be float, string given in /home/rodosbil/public_html/demo/work-1/includes/config.php on line 16
[30-Aug-2018 14:07:58 UTC] PHP Warning:  number_format() expects parameter 1 to be float, string given in /home/rodosbil/public_html/demo/work-1/includes/config.php on line 16
[30-Aug-2018 14:07:58 UTC] PHP Warning:  number_format() expects parameter 1 to be float, string given in /home/rodosbil/public_html/demo/work-1/includes/config.php on line 16
[30-Aug-2018 14:07:58 UTC] PHP Warning:  number_format() expects parameter 1 to be float, string given in /home/rodosbil/public_html/demo/work-1/includes/config.php on line 16
[30-Aug-2018 14:07:58 UTC] PHP Warning:  number_format() expects parameter 1 to be float, string given in /home/rodosbil/public_html/demo/work-1/includes/config.php on line 16
[30-Aug-2018 14:07:58 UTC] PHP Warning:  number_format() expects parameter 1 to be float, string given in /home/rodosbil/public_html/demo/work-1/includes/config.php on line 16
[30-Aug-2018 14:07:58 UTC] PHP Warning:  number_format() expects parameter 1 to be float, string given in /home/rodosbil/public_html/demo/work-1/includes/config.php on line 16
[30-Aug-2018 14:07:58 UTC] PHP Warning:  number_format() expects parameter 1 to be float, string given in /home/rodosbil/public_html/demo/work-1/includes/config.php on line 16
[30-Aug-2018 14:07:58 UTC] PHP Warning:  number_format() expects parameter 1 to be float, string given in /home/rodosbil/public_html/demo/work-1/includes/config.php on line 16
[30-Aug-2018 14:07:58 UTC] PHP Warning:  number_format() expects parameter 1 to be float, string given in /home/rodosbil/public_html/demo/work-1/includes/config.php on line 16
[30-Aug-2018 14:07:58 UTC] PHP Warning:  number_format() expects parameter 1 to be float, string given in /home/rodosbil/public_html/demo/work-1/includes/config.php on line 16
[30-Aug-2018 14:16:43 UTC] PHP Parse error:  syntax error, unexpected ''' (T_ENCAPSED_AND_WHITESPACE) in /home/rodosbil/public_html/demo/work-1/product-detail.php on line 339
[01-Sep-2018 08:02:48 UTC] PHP Warning:  number_format() expects parameter 1 to be float, string given in /home/rodosbil/public_html/demo/work-1/includes/config.php on line 16
[01-Sep-2018 08:04:14 UTC] PHP Warning:  number_format() expects parameter 1 to be float, string given in /home/rodosbil/public_html/demo/work-1/includes/config.php on line 16
[01-Sep-2018 08:04:16 UTC] PHP Warning:  number_format() expects parameter 1 to be float, string given in /home/rodosbil/public_html/demo/work-1/includes/config.php on line 16
[01-Sep-2018 08:04:18 UTC] PHP Warning:  number_format() expects parameter 1 to be float, string given in /home/rodosbil/public_html/demo/work-1/includes/config.php on line 16
[01-Sep-2018 08:04:22 UTC] PHP Warning:  number_format() expects parameter 1 to be float, string given in /home/rodosbil/public_html/demo/work-1/includes/config.php on line 16
[01-Sep-2018 08:04:25 UTC] PHP Warning:  number_format() expects parameter 1 to be float, string given in /home/rodosbil/public_html/demo/work-1/includes/config.php on line 16
[01-Sep-2018 08:08:42 UTC] PHP Parse error:  syntax error, unexpected '' TL' (T_ENCAPSED_AND_WHITESPACE) in /home/rodosbil/public_html/demo/work-1/cart.php on line 133
[04-Sep-2018 15:05:00 UTC] PHP Parse error:  syntax error, unexpected ''" re' (T_ENCAPSED_AND_WHITESPACE) in /home/rodosbil/public_html/demo/work-1/pay.php on line 95
[04-Sep-2018 15:15:35 UTC] PHP Warning:  include(includes/countries.php): failed to open stream: No such file or directory in /home/rodosbil/public_html/demo/work-1/profile.php on line 115
[04-Sep-2018 15:15:35 UTC] PHP Warning:  include(): Failed opening 'includes/countries.php' for inclusion (include_path='.:/opt/cpanel/ea-php71/root/usr/share/pear') in /home/rodosbil/public_html/demo/work-1/profile.php on line 115
[05-Sep-2018 09:10:25 UTC] PHP Fatal error:  Uncaught Error: Call to undefined function GetIP() in /home/rodosbil/public_html/demo/work-1/includes/bar.php:114
Stack trace:
#0 /home/rodosbil/public_html/demo/work-1/index.php(10): require()
#1 {main}
  thrown in /home/rodosbil/public_html/demo/work-1/includes/bar.php on line 114
[05-Sep-2018 09:12:10 UTC] PHP Parse error:  syntax error, unexpected 'strpos' (T_STRING) in /home/rodosbil/public_html/demo/work-1/includes/settings.php on line 110
[05-Sep-2018 09:27:37 UTC] PHP Fatal error:  Uncaught Error: Call to undefined function GetIP() in /home/rodosbil/public_html/demo/work-1/includes/bar.php:114
Stack trace:
#0 /home/rodosbil/public_html/demo/work-1/index.php(10): require()
#1 {main}
  thrown in /home/rodosbil/public_html/demo/work-1/includes/bar.php on line 114
[05-Sep-2018 09:30:55 UTC] PHP Parse error:  syntax error, unexpected '}' in /home/rodosbil/public_html/demo/work-1/includes/settings.php on line 118
[05-Sep-2018 09:30:57 UTC] PHP Parse error:  syntax error, unexpected '}' in /home/rodosbil/public_html/demo/work-1/includes/settings.php on line 118
[05-Sep-2018 09:31:03 UTC] PHP Parse error:  syntax error, unexpected '}' in /home/rodosbil/public_html/demo/work-1/includes/settings.php on line 118
[05-Sep-2018 09:31:04 UTC] PHP Parse error:  syntax error, unexpected '}' in /home/rodosbil/public_html/demo/work-1/includes/settings.php on line 118
[05-Sep-2018 09:31:06 UTC] PHP Parse error:  syntax error, unexpected '}' in /home/rodosbil/public_html/demo/work-1/includes/settings.php on line 118
[05-Sep-2018 09:31:09 UTC] PHP Warning:  trim() expects at most 2 parameters, 3 given in /home/rodosbil/public_html/demo/work-1/includes/settings.php on line 117
[05-Sep-2018 09:31:24 UTC] PHP Warning:  trim() expects at most 2 parameters, 3 given in /home/rodosbil/public_html/demo/work-1/includes/settings.php on line 117
[05-Sep-2018 12:34:51 UTC] PHP Parse error:  syntax error, unexpected '$cartedProduct' (T_VARIABLE) in /home/rodosbil/public_html/demo/work-1/pay.php on line 21
[05-Sep-2018 12:34:52 UTC] PHP Parse error:  syntax error, unexpected '$cartedProduct' (T_VARIABLE) in /home/rodosbil/public_html/demo/work-1/pay.php on line 21
[05-Sep-2018 12:45:11 UTC] PHP Fatal error:  Uncaught PDOException: SQLSTATE[HY093]: Invalid parameter number: number of bound variables does not match number of tokens in /home/rodosbil/public_html/demo/work-1/pay.php:67
Stack trace:
#0 /home/rodosbil/public_html/demo/work-1/pay.php(67): PDOStatement->execute(Array)
#1 {main}
  thrown in /home/rodosbil/public_html/demo/work-1/pay.php on line 67
[05-Sep-2018 13:01:06 UTC] PHP Parse error:  syntax error, unexpected end of file in /home/rodosbil/public_html/demo/work-1/pay.php on line 261
[05-Sep-2018 13:01:09 UTC] PHP Parse error:  syntax error, unexpected end of file in /home/rodosbil/public_html/demo/work-1/pay.php on line 261
[05-Sep-2018 13:01:12 UTC] PHP Parse error:  syntax error, unexpected end of file in /home/rodosbil/public_html/demo/work-1/pay.php on line 261
[05-Sep-2018 13:01:24 UTC] PHP Parse error:  syntax error, unexpected end of file in /home/rodosbil/public_html/demo/work-1/pay.php on line 261
[05-Sep-2018 13:01:25 UTC] PHP Parse error:  syntax error, unexpected end of file in /home/rodosbil/public_html/demo/work-1/pay.php on line 261
[05-Sep-2018 13:01:27 UTC] PHP Parse error:  syntax error, unexpected end of file in /home/rodosbil/public_html/demo/work-1/pay.php on line 261
[05-Sep-2018 13:01:28 UTC] PHP Parse error:  syntax error, unexpected end of file in /home/rodosbil/public_html/demo/work-1/pay.php on line 261
[05-Sep-2018 13:01:29 UTC] PHP Parse error:  syntax error, unexpected end of file in /home/rodosbil/public_html/demo/work-1/pay.php on line 261
[05-Sep-2018 13:01:29 UTC] PHP Parse error:  syntax error, unexpected end of file in /home/rodosbil/public_html/demo/work-1/pay.php on line 261
[05-Sep-2018 13:01:30 UTC] PHP Parse error:  syntax error, unexpected end of file in /home/rodosbil/public_html/demo/work-1/pay.php on line 261
[05-Sep-2018 13:01:53 UTC] PHP Parse error:  syntax error, unexpected end of file in /home/rodosbil/public_html/demo/work-1/pay.php on line 261
[05-Sep-2018 13:01:54 UTC] PHP Parse error:  syntax error, unexpected end of file in /home/rodosbil/public_html/demo/work-1/pay.php on line 261
[05-Sep-2018 13:01:54 UTC] PHP Parse error:  syntax error, unexpected end of file in /home/rodosbil/public_html/demo/work-1/pay.php on line 261
[05-Sep-2018 13:01:54 UTC] PHP Parse error:  syntax error, unexpected end of file in /home/rodosbil/public_html/demo/work-1/pay.php on line 261
[05-Sep-2018 13:01:54 UTC] PHP Parse error:  syntax error, unexpected end of file in /home/rodosbil/public_html/demo/work-1/pay.php on line 261
[05-Sep-2018 13:01:55 UTC] PHP Parse error:  syntax error, unexpected end of file in /home/rodosbil/public_html/demo/work-1/pay.php on line 261
[05-Sep-2018 13:06:04 UTC] PHP Fatal error:  Uncaught PDOException: SQLSTATE[42000]: Syntax error or access violation: 1064 You have an error in your SQL syntax; check the manual that corresponds to your MySQL server version for the right syntax to use near 'order WHERE order_ip=''' at line 1 in /home/rodosbil/public_html/demo/work-1/orders.php:30
Stack trace:
#0 /home/rodosbil/public_html/demo/work-1/orders.php(30): PDO->query('SELECT * FROM o...', 2)
#1 {main}
  thrown in /home/rodosbil/public_html/demo/work-1/orders.php on line 30
[05-Sep-2018 13:06:05 UTC] PHP Fatal error:  Uncaught PDOException: SQLSTATE[42000]: Syntax error or access violation: 1064 You have an error in your SQL syntax; check the manual that corresponds to your MySQL server version for the right syntax to use near 'order WHERE order_ip=''' at line 1 in /home/rodosbil/public_html/demo/work-1/orders.php:30
Stack trace:
#0 /home/rodosbil/public_html/demo/work-1/orders.php(30): PDO->query('SELECT * FROM o...', 2)
#1 {main}
  thrown in /home/rodosbil/public_html/demo/work-1/orders.php on line 30
[05-Sep-2018 13:06:12 UTC] PHP Fatal error:  Uncaught PDOException: SQLSTATE[42000]: Syntax error or access violation: 1064 You have an error in your SQL syntax; check the manual that corresponds to your MySQL server version for the right syntax to use near 'order WHERE order_ip='88.247.41.88'' at line 1 in /home/rodosbil/public_html/demo/work-1/orders.php:30
Stack trace:
#0 /home/rodosbil/public_html/demo/work-1/orders.php(30): PDO->query('SELECT * FROM o...', 2)
#1 {main}
  thrown in /home/rodosbil/public_html/demo/work-1/orders.php on line 30
[05-Sep-2018 13:06:13 UTC] PHP Fatal error:  Uncaught PDOException: SQLSTATE[42000]: Syntax error or access violation: 1064 You have an error in your SQL syntax; check the manual that corresponds to your MySQL server version for the right syntax to use near 'order WHERE order_ip='88.247.41.88'' at line 1 in /home/rodosbil/public_html/demo/work-1/orders.php:30
Stack trace:
#0 /home/rodosbil/public_html/demo/work-1/orders.php(30): PDO->query('SELECT * FROM o...', 2)
#1 {main}
  thrown in /home/rodosbil/public_html/demo/work-1/orders.php on line 30
[05-Sep-2018 13:37:39 UTC] PHP Parse error:  syntax error, unexpected end of file, expecting ',' or ';' in /home/rodosbil/public_html/demo/work-1/orders.php on line 58
[06-Sep-2018 12:52:24 UTC] PHP Warning:  mail() has been disabled for security reasons in /home/rodosbil/public_html/demo/work-1/mail.php on line 40
